{
  "RSpec": {
    "coverage": {
      "/Users/yasyars/Documents/Career/Gigih/Technical Class/yabb-gigih/Modul 4/session-2/number-homework/spec/number_spec.rb": {
        "lines": [
          1,
          null,
          1,
          1,
          1,
          null,
          1,
          null,
          1,
          null,
          null,
          1,
          1,
          null,
          1,
          null,
          1,
          null,
          null,
          1,
          1,
          null,
          1,
          null,
          1,
          null,
          null,
          1,
          1,
          null,
          1,
          null,
          1,
          null,
          null,
          1,
          1,
          null,
          1,
          null,
          1,
          null,
          null,
          1,
          1,
          null,
          1,
          null,
          1,
          null,
          1,
          1,
          null,
          1,
          null,
          1,
          null,
          null,
          1,
          1,
          null,
          1,
          null,
          1,
          null,
          null
        ]
      },
      "/Users/yasyars/Documents/Career/Gigih/Technical Class/yabb-gigih/Modul 4/session-2/number-homework/src/number.rb": {
        "lines": [
          1,
          1,
          8,
          null,
          null,
          1,
          19,
          4,
          4,
          15,
          4,
          4,
          null,
          11,
          11,
          11,
          null,
          null,
          null,
          1,
          8,
          null,
          null,
          null
        ]
      }
    },
    "timestamp": 1627477290
  }
}
