{
  "RSpec": {
    "coverage": {
      "/Users/yasyars/Documents/Career/Gigih/Technical Class/yabb-gigih/Modul 4/session-3/homework/spec/controllers/item_controller_spec.rb": {
        "lines": [
          1,
          1,
          null,
          1,
          1,
          5,
          5,
          5,
          5,
          5,
          5,
          5,
          null,
          null,
          5,
          5,
          null,
          null,
          5,
          null,
          null,
          1,
          1,
          1,
          1,
          1,
          null,
          1,
          null,
          null,
          null,
          null,
          1,
          null,
          null,
          null,
          null,
          1,
          null,
          1,
          1,
          2,
          null,
          2,
          null,
          null,
          null,
          2,
          null,
          1,
          1,
          1,
          null,
          null,
          1,
          1,
          null,
          null,
          null,
          null,
          null,
          null,
          null,
          null,
          1,
          null,
          null,
          null,
          null,
          1,
          1,
          1,
          1,
          1,
          1,
          null,
          null,
          null,
          null,
          1,
          null,
          null,
          null,
          null,
          1,
          null,
          1,
          1,
          1,
          null,
          1,
          null,
          null,
          null,
          null,
          null,
          2,
          null,
          null,
          null,
          null,
          null
        ]
      },
      "/Users/yasyars/Documents/Career/Gigih/Technical Class/yabb-gigih/Modul 4/session-3/homework/controller/item_controller.rb": {
        "lines": [
          1,
          1,
          null,
          1,
          null,
          1,
          1,
          1,
          1,
          null,
          null,
          1,
          2,
          2,
          2,
          null,
          null,
          null,
          null,
          2,
          2,
          null,
          null,
          1,
          3,
          3,
          3,
          null,
          null,
          null,
          1,
          0,
          0,
          0,
          0,
          0,
          0,
          null,
          null,
          null,
          1,
          0,
          0,
          0,
          0,
          null,
          null,
          1,
          1,
          1,
          1,
          1,
          1,
          0,
          0,
          null,
          null,
          1,
          0,
          0,
          0,
          null,
          null,
          null
        ]
      },
      "/Users/yasyars/Documents/Career/Gigih/Technical Class/yabb-gigih/Modul 4/session-3/homework/models/item.rb": {
        "lines": [
          1,
          1,
          null,
          1,
          1,
          null,
          1,
          8,
          8,
          8,
          8,
          null,
          null,
          null,
          null,
          1,
          2,
          2,
          2,
          2,
          2,
          null,
          null,
          1,
          2,
          2,
          2,
          2,
          4,
          null,
          null,
          null,
          null,
          1,
          3,
          3,
          3,
          3,
          3,
          3,
          null,
          null,
          null,
          null,
          3,
          null,
          null,
          1,
          10,
          10,
          10,
          null,
          null,
          null,
          10,
          0,
          null,
          null,
          null,
          0,
          null,
          10,
          null,
          null,
          1,
          4,
          4,
          4,
          4,
          2,
          null,
          null,
          null,
          2,
          null,
          4,
          null,
          null,
          null,
          null,
          1,
          0,
          0,
          0,
          0,
          0,
          0,
          0,
          0,
          0,
          null,
          null,
          null,
          1,
          4,
          4,
          null,
          null,
          null,
          1,
          0,
          0,
          null,
          null,
          1,
          0,
          0,
          null,
          null,
          1,
          0,
          0,
          0,
          0,
          null,
          null,
          1,
          4,
          4,
          4,
          null,
          null,
          1,
          0,
          0,
          0,
          null,
          null,
          null
        ]
      },
      "/Users/yasyars/Documents/Career/Gigih/Technical Class/yabb-gigih/Modul 4/session-3/homework/db/db_connector.rb": {
        "lines": [
          1,
          null,
          1,
          67,
          null,
          null,
          null,
          null,
          null,
          67,
          null,
          null,
          null
        ]
      },
      "/Users/yasyars/Documents/Career/Gigih/Technical Class/yabb-gigih/Modul 4/session-3/homework/models/category.rb": {
        "lines": [
          1,
          1,
          null,
          1,
          1,
          1,
          null,
          1,
          28,
          28,
          28,
          null,
          null,
          null,
          1,
          10,
          null,
          10,
          null,
          10,
          10,
          10,
          0,
          null,
          10,
          null,
          10,
          null,
          null,
          null,
          null,
          1,
          1,
          1,
          1,
          1,
          2,
          null,
          null,
          2,
          null,
          1,
          null,
          null,
          1,
          10,
          10,
          10,
          10,
          10,
          null,
          null,
          10,
          null,
          null,
          1,
          0,
          0,
          0,
          0,
          null,
          null,
          0,
          null,
          null,
          1,
          0,
          0,
          0,
          0,
          null,
          null,
          1,
          10,
          10,
          10,
          10,
          10,
          null,
          null,
          1,
          3,
          3,
          3,
          null,
          3,
          3,
          3,
          3,
          3,
          2,
          4,
          null,
          null,
          4,
          null,
          null,
          null,
          2,
          null,
          null,
          1,
          3,
          3,
          null,
          null,
          3,
          3,
          3,
          2,
          null,
          null,
          2,
          null,
          3,
          null,
          null,
          null,
          1,
          0,
          0,
          0,
          0,
          0,
          null,
          null,
          1,
          0,
          0,
          null,
          null,
          null,
          1,
          0,
          0,
          null,
          null,
          1,
          0,
          0,
          null,
          null,
          null,
          1,
          0,
          0,
          0,
          null,
          null,
          null,
          1,
          10,
          10,
          null,
          null
        ]
      },
      "/Users/yasyars/Documents/Career/Gigih/Technical Class/yabb-gigih/Modul 4/session-3/homework/models/Item.rb": {
        "lines": [
          1,
          1,
          null,
          1,
          1,
          null,
          1,
          0,
          0,
          0,
          0,
          null,
          null,
          null,
          null,
          1,
          0,
          0,
          0,
          0,
          0,
          null,
          null,
          1,
          0,
          0,
          0,
          0,
          0,
          null,
          null,
          null,
          null,
          1,
          0,
          0,
          0,
          0,
          0,
          0,
          null,
          null,
          null,
          null,
          0,
          null,
          null,
          1,
          0,
          0,
          0,
          null,
          null,
          null,
          0,
          0,
          null,
          null,
          null,
          0,
          null,
          0,
          null,
          null,
          1,
          0,
          0,
          0,
          0,
          0,
          null,
          null,
          null,
          0,
          null,
          0,
          null,
          null,
          null,
          null,
          1,
          0,
          0,
          0,
          0,
          0,
          0,
          0,
          0,
          0,
          null,
          null,
          null,
          1,
          0,
          0,
          null,
          null,
          null,
          1,
          0,
          0,
          null,
          null,
          1,
          0,
          0,
          null,
          null,
          1,
          0,
          0,
          0,
          0,
          null,
          null,
          1,
          0,
          0,
          0,
          null,
          null,
          1,
          0,
          0,
          0,
          null,
          null,
          null
        ]
      }
    },
    "timestamp": 1627746786
  }
}
