{
  "RSpec": {
    "coverage": {
      "/Users/yasyars/Documents/Career/Gigih/Technical Class/yabb-gigih/Modul 4/session-3/homework/spec/models/category_spec.rb": {
        "lines": [
          1,
          1,
          null,
          null,
          null,
          1,
          1,
          11,
          11,
          11,
          11,
          11,
          null,
          null,
          1,
          1,
          1,
          1,
          null,
          null,
          1,
          null,
          null,
          null,
          1,
          1,
          1,
          null,
          1,
          null,
          null,
          null,
          null,
          1,
          1,
          1,
          1,
          null,
          null,
          1,
          null,
          null,
          null,
          null,
          1,
          1,
          2,
          null,
          null,
          2,
          null,
          null,
          1,
          1,
          1,
          1,
          1,
          null,
          null,
          null,
          1,
          1,
          1,
          1,
          null,
          null,
          null,
          null,
          1,
          1,
          1,
          2,
          null,
          null,
          null,
          2,
          null,
          null,
          null,
          2,
          2,
          2,
          null,
          null,
          1,
          1,
          null,
          null,
          1,
          1,
          1,
          null,
          null,
          null,
          1,
          1,
          1,
          1,
          null,
          null,
          null,
          null,
          1,
          1,
          2,
          null,
          null,
          2,
          null,
          null,
          1,
          1,
          1,
          1,
          null,
          1,
          null,
          1,
          null,
          null,
          null,
          1,
          1,
          1,
          1,
          null,
          null,
          null,
          null,
          1,
          1,
          1,
          null,
          null,
          1,
          null,
          null,
          1,
          1,
          1,
          1,
          null,
          null,
          null,
          null,
          null
        ]
      },
      "/Users/yasyars/Documents/Career/Gigih/Technical Class/yabb-gigih/Modul 4/session-3/homework/models/category.rb": {
        "lines": [
          1,
          1,
          null,
          1,
          1,
          1,
          null,
          1,
          31,
          31,
          31,
          null,
          null,
          null,
          1,
          10,
          null,
          10,
          null,
          10,
          10,
          10,
          0,
          null,
          10,
          null,
          10,
          null,
          null,
          null,
          null,
          1,
          3,
          3,
          3,
          3,
          4,
          null,
          null,
          4,
          null,
          3,
          null,
          null,
          1,
          16,
          16,
          16,
          16,
          15,
          null,
          null,
          15,
          null,
          null,
          1,
          0,
          0,
          0,
          0,
          null,
          null,
          0,
          null,
          null,
          1,
          0,
          0,
          0,
          0,
          null,
          null,
          1,
          10,
          10,
          10,
          10,
          10,
          null,
          null,
          1,
          0,
          0,
          0,
          null,
          0,
          0,
          0,
          0,
          0,
          0,
          0,
          null,
          null,
          0,
          null,
          null,
          null,
          0,
          null,
          null,
          1,
          0,
          0,
          null,
          null,
          0,
          0,
          0,
          0,
          null,
          null,
          0,
          null,
          0,
          null,
          null,
          null,
          1,
          2,
          2,
          2,
          1,
          1,
          null,
          null,
          1,
          0,
          0,
          null,
          null,
          null,
          1,
          0,
          0,
          null,
          null,
          1,
          1,
          0,
          null,
          null,
          null,
          1,
          1,
          1,
          1,
          null,
          null,
          null,
          1,
          14,
          12,
          null,
          null
        ]
      },
      "/Users/yasyars/Documents/Career/Gigih/Technical Class/yabb-gigih/Modul 4/session-3/homework/db/db_connector.rb": {
        "lines": [
          1,
          null,
          1,
          63,
          null,
          null,
          null,
          null,
          null,
          63,
          null,
          null,
          null
        ]
      },
      "/Users/yasyars/Documents/Career/Gigih/Technical Class/yabb-gigih/Modul 4/session-3/homework/models/Item.rb": {
        "lines": [
          1,
          1,
          null,
          1,
          1,
          null,
          1,
          0,
          0,
          0,
          0,
          null,
          null,
          null,
          null,
          1,
          0,
          0,
          0,
          0,
          0,
          null,
          null,
          1,
          0,
          0,
          0,
          0,
          0,
          null,
          null,
          null,
          null,
          1,
          0,
          0,
          0,
          0,
          0,
          0,
          null,
          null,
          null,
          null,
          0,
          null,
          null,
          1,
          10,
          10,
          10,
          null,
          null,
          null,
          10,
          0,
          null,
          null,
          null,
          0,
          null,
          10,
          null,
          null,
          1,
          0,
          0,
          0,
          0,
          0,
          null,
          null,
          null,
          0,
          null,
          0,
          null,
          null,
          null,
          null,
          1,
          0,
          0,
          0,
          0,
          0,
          0,
          0,
          0,
          0,
          null,
          null,
          null,
          1,
          0,
          0,
          null,
          null,
          null,
          1,
          0,
          0,
          null,
          null,
          1,
          0,
          0,
          null,
          null,
          1,
          0,
          0,
          0,
          0,
          null,
          null,
          1,
          0,
          0,
          0,
          null,
          null,
          1,
          0,
          0,
          0,
          null,
          null,
          null
        ]
      }
    },
    "timestamp": 1627743915
  }
}
